2025-09-27 18:03:57 [ERROR]: uncaughtException: read ETIMEDOUT
Error: read ETIMEDOUT
    at TCP.onStreamRead (node:internal/stream_base_commons:216:20)
Error: read ETIMEDOUT
    at TCP.onStreamRead (node:internal/stream_base_commons:216:20)
{
  "error": {
    "errno": -60,
    "code": "ETIMEDOUT",
    "syscall": "read",
    "source": "socket"
  },
  "exception": true,
  "date": "Sat Sep 27 2025 18:03:57 GMT-0600 (Central Standard Time)",
  "process": {
    "pid": 58924,
    "uid": 501,
    "gid": 20,
    "cwd": "/Users/richardfigueroa/Library/Mobile Documents/com~apple~CloudDocs/email_admin",
    "execPath": "/usr/local/bin/node",
    "version": "v22.19.0",
    "argv": [
      "/usr/local/bin/node",
      "/Users/richardfigueroa/Library/Mobile Documents/com~apple~CloudDocs/email_admin/server.js"
    ],
    "memoryUsage": {
      "rss": 18186240,
      "heapTotal": 27394048,
      "heapUsed": 23020992,
      "external": 2478309,
      "arrayBuffers": 305824
    }
  },
  "os": {
    "loadavg": [
      3.84814453125,
      3.60107421875,
      3.2099609375
    ],
    "uptime": 235747
  },
  "trace": [
    {
      "column": 20,
      "file": "node:internal/stream_base_commons",
      "function": "TCP.onStreamRead",
      "line": 216,
      "method": "onStreamRead",
      "native": false
    }
  ],
  "service": "email-admin"
}
2025-09-29 19:47:52 [ERROR]: uncaughtException: await is only valid in async functions and the top level bodies of modules
/Users/richardfigueroa/Library/Mobile Documents/com~apple~CloudDocs/email_admin/src/services/emailService.js:783
              const attachmentSearch = await connection.search(searchCriteria, {
                                       ^^^^^

SyntaxError: await is only valid in async functions and the top level bodies of modules
    at wrapSafe (node:internal/modules/cjs/loader:1638:18)
    at Module._compile (node:internal/modules/cjs/loader:1680:20)
    at Object..js (node:internal/modules/cjs/loader:1839:10)
    at Module.load (node:internal/modules/cjs/loader:1441:32)
    at Function._load (node:internal/modules/cjs/loader:1263:12)
    at TracingChannel.traceSync (node:diagnostics_channel:322:14)
    at wrapModuleLoad (node:internal/modules/cjs/loader:237:24)
    at Module.require (node:internal/modules/cjs/loader:1463:12)
    at require (node:internal/modules/helpers:147:16)
    at Object.<anonymous> (/Users/richardfigueroa/Library/Mobile Documents/com~apple~CloudDocs/email_admin/server.js:14:22)
/Users/richardfigueroa/Library/Mobile Documents/com~apple~CloudDocs/email_admin/src/services/emailService.js:783
              const attachmentSearch = await connection.search(searchCriteria, {
                                       ^^^^^

SyntaxError: await is only valid in async functions and the top level bodies of modules
    at wrapSafe (node:internal/modules/cjs/loader:1638:18)
    at Module._compile (node:internal/modules/cjs/loader:1680:20)
    at Object..js (node:internal/modules/cjs/loader:1839:10)
    at Module.load (node:internal/modules/cjs/loader:1441:32)
    at Function._load (node:internal/modules/cjs/loader:1263:12)
    at TracingChannel.traceSync (node:diagnostics_channel:322:14)
    at wrapModuleLoad (node:internal/modules/cjs/loader:237:24)
    at Module.require (node:internal/modules/cjs/loader:1463:12)
    at require (node:internal/modules/helpers:147:16)
    at Object.<anonymous> (/Users/richardfigueroa/Library/Mobile Documents/com~apple~CloudDocs/email_admin/server.js:14:22)
{
  "error": {},
  "exception": true,
  "date": "Mon Sep 29 2025 19:47:52 GMT-0600 (Central Standard Time)",
  "process": {
    "pid": 51444,
    "uid": 501,
    "gid": 20,
    "cwd": "/Users/richardfigueroa/Library/Mobile Documents/com~apple~CloudDocs/email_admin",
    "execPath": "/usr/local/bin/node",
    "version": "v22.19.0",
    "argv": [
      "/usr/local/bin/node",
      "/Users/richardfigueroa/Library/Mobile Documents/com~apple~CloudDocs/email_admin/server.js"
    ],
    "memoryUsage": {
      "rss": 61718528,
      "heapTotal": 18219008,
      "heapUsed": 12539384,
      "external": 2239569,
      "arrayBuffers": 18851
    }
  },
  "os": {
    "loadavg": [
      1.6708984375,
      2.12060546875,
      2.2060546875
    ],
    "uptime": 66917
  },
  "trace": [
    {
      "column": 18,
      "file": "node:internal/modules/cjs/loader",
      "function": "wrapSafe",
      "line": 1638,
      "method": null,
      "native": false
    },
    {
      "column": 20,
      "file": "node:internal/modules/cjs/loader",
      "function": "Module._compile",
      "line": 1680,
      "method": "_compile",
      "native": false
    },
    {
      "column": 10,
      "file": "node:internal/modules/cjs/loader",
      "function": "Object..js",
      "line": 1839,
      "method": ".js",
      "native": false
    },
    {
      "column": 32,
      "file": "node:internal/modules/cjs/loader",
      "function": "Module.load",
      "line": 1441,
      "method": "load",
      "native": false
    },
    {
      "column": 12,
      "file": "node:internal/modules/cjs/loader",
      "function": "Function._load",
      "line": 1263,
      "method": "_load",
      "native": false
    },
    {
      "column": 14,
      "file": "node:diagnostics_channel",
      "function": "TracingChannel.traceSync",
      "line": 322,
      "method": "traceSync",
      "native": false
    },
    {
      "column": 24,
      "file": "node:internal/modules/cjs/loader",
      "function": "wrapModuleLoad",
      "line": 237,
      "method": null,
      "native": false
    },
    {
      "column": 12,
      "file": "node:internal/modules/cjs/loader",
      "function": "Module.require",
      "line": 1463,
      "method": "require",
      "native": false
    },
    {
      "column": 16,
      "file": "node:internal/modules/helpers",
      "function": "require",
      "line": 147,
      "method": null,
      "native": false
    },
    {
      "column": 22,
      "file": "/Users/richardfigueroa/Library/Mobile Documents/com~apple~CloudDocs/email_admin/server.js",
      "function": null,
      "line": 14,
      "method": null,
      "native": false
    }
  ],
  "service": "email-admin"
}
2025-09-29 19:47:56 [ERROR]: uncaughtException: await is only valid in async functions and the top level bodies of modules
/Users/richardfigueroa/Library/Mobile Documents/com~apple~CloudDocs/email_admin/src/services/emailService.js:783
              const attachmentSearch = await connection.search(searchCriteria, {
                                       ^^^^^

SyntaxError: await is only valid in async functions and the top level bodies of modules
    at wrapSafe (node:internal/modules/cjs/loader:1638:18)
    at Module._compile (node:internal/modules/cjs/loader:1680:20)
    at Object..js (node:internal/modules/cjs/loader:1839:10)
    at Module.load (node:internal/modules/cjs/loader:1441:32)
    at Function._load (node:internal/modules/cjs/loader:1263:12)
    at TracingChannel.traceSync (node:diagnostics_channel:322:14)
    at wrapModuleLoad (node:internal/modules/cjs/loader:237:24)
    at Module.require (node:internal/modules/cjs/loader:1463:12)
    at require (node:internal/modules/helpers:147:16)
    at Object.<anonymous> (/Users/richardfigueroa/Library/Mobile Documents/com~apple~CloudDocs/email_admin/server.js:14:22)
/Users/richardfigueroa/Library/Mobile Documents/com~apple~CloudDocs/email_admin/src/services/emailService.js:783
              const attachmentSearch = await connection.search(searchCriteria, {
                                       ^^^^^

SyntaxError: await is only valid in async functions and the top level bodies of modules
    at wrapSafe (node:internal/modules/cjs/loader:1638:18)
    at Module._compile (node:internal/modules/cjs/loader:1680:20)
    at Object..js (node:internal/modules/cjs/loader:1839:10)
    at Module.load (node:internal/modules/cjs/loader:1441:32)
    at Function._load (node:internal/modules/cjs/loader:1263:12)
    at TracingChannel.traceSync (node:diagnostics_channel:322:14)
    at wrapModuleLoad (node:internal/modules/cjs/loader:237:24)
    at Module.require (node:internal/modules/cjs/loader:1463:12)
    at require (node:internal/modules/helpers:147:16)
    at Object.<anonymous> (/Users/richardfigueroa/Library/Mobile Documents/com~apple~CloudDocs/email_admin/server.js:14:22)
{
  "error": {},
  "exception": true,
  "date": "Mon Sep 29 2025 19:47:56 GMT-0600 (Central Standard Time)",
  "process": {
    "pid": 51486,
    "uid": 501,
    "gid": 20,
    "cwd": "/Users/richardfigueroa/Library/Mobile Documents/com~apple~CloudDocs/email_admin",
    "execPath": "/usr/local/bin/node",
    "version": "v22.19.0",
    "argv": [
      "/usr/local/bin/node",
      "/Users/richardfigueroa/Library/Mobile Documents/com~apple~CloudDocs/email_admin/server.js"
    ],
    "memoryUsage": {
      "rss": 62685184,
      "heapTotal": 17956864,
      "heapUsed": 12576800,
      "external": 2239569,
      "arrayBuffers": 18851
    }
  },
  "os": {
    "loadavg": [
      1.77685546875,
      2.134765625,
      2.21044921875
    ],
    "uptime": 66921
  },
  "trace": [
    {
      "column": 18,
      "file": "node:internal/modules/cjs/loader",
      "function": "wrapSafe",
      "line": 1638,
      "method": null,
      "native": false
    },
    {
      "column": 20,
      "file": "node:internal/modules/cjs/loader",
      "function": "Module._compile",
      "line": 1680,
      "method": "_compile",
      "native": false
    },
    {
      "column": 10,
      "file": "node:internal/modules/cjs/loader",
      "function": "Object..js",
      "line": 1839,
      "method": ".js",
      "native": false
    },
    {
      "column": 32,
      "file": "node:internal/modules/cjs/loader",
      "function": "Module.load",
      "line": 1441,
      "method": "load",
      "native": false
    },
    {
      "column": 12,
      "file": "node:internal/modules/cjs/loader",
      "function": "Function._load",
      "line": 1263,
      "method": "_load",
      "native": false
    },
    {
      "column": 14,
      "file": "node:diagnostics_channel",
      "function": "TracingChannel.traceSync",
      "line": 322,
      "method": "traceSync",
      "native": false
    },
    {
      "column": 24,
      "file": "node:internal/modules/cjs/loader",
      "function": "wrapModuleLoad",
      "line": 237,
      "method": null,
      "native": false
    },
    {
      "column": 12,
      "file": "node:internal/modules/cjs/loader",
      "function": "Module.require",
      "line": 1463,
      "method": "require",
      "native": false
    },
    {
      "column": 16,
      "file": "node:internal/modules/helpers",
      "function": "require",
      "line": 147,
      "method": null,
      "native": false
    },
    {
      "column": 22,
      "file": "/Users/richardfigueroa/Library/Mobile Documents/com~apple~CloudDocs/email_admin/server.js",
      "function": null,
      "line": 14,
      "method": null,
      "native": false
    }
  ],
  "service": "email-admin"
}
2025-09-29 19:48:22 [ERROR]: uncaughtException: await is only valid in async functions and the top level bodies of modules
/Users/richardfigueroa/Library/Mobile Documents/com~apple~CloudDocs/email_admin/src/services/emailService.js:783
              const attachmentSearch = await connection.search(searchCriteria, {
                                       ^^^^^

SyntaxError: await is only valid in async functions and the top level bodies of modules
    at wrapSafe (node:internal/modules/cjs/loader:1638:18)
    at Module._compile (node:internal/modules/cjs/loader:1680:20)
    at Object..js (node:internal/modules/cjs/loader:1839:10)
    at Module.load (node:internal/modules/cjs/loader:1441:32)
    at Function._load (node:internal/modules/cjs/loader:1263:12)
    at TracingChannel.traceSync (node:diagnostics_channel:322:14)
    at wrapModuleLoad (node:internal/modules/cjs/loader:237:24)
    at Module.require (node:internal/modules/cjs/loader:1463:12)
    at require (node:internal/modules/helpers:147:16)
    at Object.<anonymous> (/Users/richardfigueroa/Library/Mobile Documents/com~apple~CloudDocs/email_admin/server.js:14:22)
/Users/richardfigueroa/Library/Mobile Documents/com~apple~CloudDocs/email_admin/src/services/emailService.js:783
              const attachmentSearch = await connection.search(searchCriteria, {
                                       ^^^^^

SyntaxError: await is only valid in async functions and the top level bodies of modules
    at wrapSafe (node:internal/modules/cjs/loader:1638:18)
    at Module._compile (node:internal/modules/cjs/loader:1680:20)
    at Object..js (node:internal/modules/cjs/loader:1839:10)
    at Module.load (node:internal/modules/cjs/loader:1441:32)
    at Function._load (node:internal/modules/cjs/loader:1263:12)
    at TracingChannel.traceSync (node:diagnostics_channel:322:14)
    at wrapModuleLoad (node:internal/modules/cjs/loader:237:24)
    at Module.require (node:internal/modules/cjs/loader:1463:12)
    at require (node:internal/modules/helpers:147:16)
    at Object.<anonymous> (/Users/richardfigueroa/Library/Mobile Documents/com~apple~CloudDocs/email_admin/server.js:14:22)
{
  "error": {},
  "exception": true,
  "date": "Mon Sep 29 2025 19:48:22 GMT-0600 (Central Standard Time)",
  "process": {
    "pid": 51750,
    "uid": 501,
    "gid": 20,
    "cwd": "/Users/richardfigueroa/Library/Mobile Documents/com~apple~CloudDocs/email_admin",
    "execPath": "/usr/local/bin/node",
    "version": "v22.19.0",
    "argv": [
      "/usr/local/bin/node",
      "/Users/richardfigueroa/Library/Mobile Documents/com~apple~CloudDocs/email_admin/server.js"
    ],
    "memoryUsage": {
      "rss": 60997632,
      "heapTotal": 17956864,
      "heapUsed": 12578968,
      "external": 2239569,
      "arrayBuffers": 18851
    }
  },
  "os": {
    "loadavg": [
      1.84130859375,
      2.1220703125,
      2.203125
    ],
    "uptime": 66947
  },
  "trace": [
    {
      "column": 18,
      "file": "node:internal/modules/cjs/loader",
      "function": "wrapSafe",
      "line": 1638,
      "method": null,
      "native": false
    },
    {
      "column": 20,
      "file": "node:internal/modules/cjs/loader",
      "function": "Module._compile",
      "line": 1680,
      "method": "_compile",
      "native": false
    },
    {
      "column": 10,
      "file": "node:internal/modules/cjs/loader",
      "function": "Object..js",
      "line": 1839,
      "method": ".js",
      "native": false
    },
    {
      "column": 32,
      "file": "node:internal/modules/cjs/loader",
      "function": "Module.load",
      "line": 1441,
      "method": "load",
      "native": false
    },
    {
      "column": 12,
      "file": "node:internal/modules/cjs/loader",
      "function": "Function._load",
      "line": 1263,
      "method": "_load",
      "native": false
    },
    {
      "column": 14,
      "file": "node:diagnostics_channel",
      "function": "TracingChannel.traceSync",
      "line": 322,
      "method": "traceSync",
      "native": false
    },
    {
      "column": 24,
      "file": "node:internal/modules/cjs/loader",
      "function": "wrapModuleLoad",
      "line": 237,
      "method": null,
      "native": false
    },
    {
      "column": 12,
      "file": "node:internal/modules/cjs/loader",
      "function": "Module.require",
      "line": 1463,
      "method": "require",
      "native": false
    },
    {
      "column": 16,
      "file": "node:internal/modules/helpers",
      "function": "require",
      "line": 147,
      "method": null,
      "native": false
    },
    {
      "column": 22,
      "file": "/Users/richardfigueroa/Library/Mobile Documents/com~apple~CloudDocs/email_admin/server.js",
      "function": null,
      "line": 14,
      "method": null,
      "native": false
    }
  ],
  "service": "email-admin"
}
