2025-09-29 22:55:02 [ERROR]: unhandledRejection: emailLogger.error is not a function
TypeError: emailLogger.error is not a function
    at /Users/richardfigueroa/Library/Mobile Documents/com~apple~CloudDocs/email_admin/src/routes/profile.js:92:17
TypeError: emailLogger.error is not a function
    at /Users/richardfigueroa/Library/Mobile Documents/com~apple~CloudDocs/email_admin/src/routes/profile.js:92:17
{
  "error": {},
  "rejection": true,
  "date": "Mon Sep 29 2025 22:55:02 GMT-0600 (Central Standard Time)",
  "process": {
    "pid": 52104,
    "uid": 501,
    "gid": 20,
    "cwd": "/Users/richardfigueroa/Library/Mobile Documents/com~apple~CloudDocs/email_admin",
    "execPath": "/usr/local/bin/node",
    "version": "v22.19.0",
    "argv": [
      "/usr/local/bin/node",
      "/Users/richardfigueroa/Library/Mobile Documents/com~apple~CloudDocs/email_admin/server.js"
    ],
    "memoryUsage": {
      "rss": 33816576,
      "heapTotal": 24215552,
      "heapUsed": 20764936,
      "external": 2348256,
      "arrayBuffers": 110235
    }
  },
  "os": {
    "loadavg": [
      3.79541015625,
      3.73974609375,
      2.99169921875
    ],
    "uptime": 78147
  },
  "trace": [
    {
      "column": 17,
      "file": "/Users/richardfigueroa/Library/Mobile Documents/com~apple~CloudDocs/email_admin/src/routes/profile.js",
      "function": null,
      "line": 92,
      "method": null,
      "native": false
    }
  ],
  "service": "email-admin"
}
